<?xml version="1.0" encoding="UTF-8"?>
<!-- Generated by org.testng.reporters.JUnitReportReporter -->
<testsuite hostname="HIN-HZGW2Z2-LT" failures="0" tests="2" name="com.org.test.MonthlyEnrollmentTest" time="72.640" errors="0" timestamp="2022-04-07T20:58:34 IST" skipped="1">
  <testcase classname="com.org.test.MonthlyEnrollmentTest" name="VerifyAddResident" time="72.640"/>
  <system-out/>
  <testcase classname="com.org.test.MonthlyEnrollmentTest" name="verifyPropertySearch">
    <skipped/>
  </testcase> <!-- verifyPropertySearch -->
  <system-out/>
</testsuite> <!-- com.org.test.MonthlyEnrollmentTest -->
